[debug] > Exec(early(addDefaultCommands), None, None)
[debug] > Exec(addDefaultCommands, None, None)
[debug] > Exec(early(initialize), None, None)
[debug] > Exec(initialize, None, None)
[debug] > Exec(boot, None, None)
[debug] > Exec(writeSbtVersion, None, None)
[debug] > Exec(reload, None, None)
[debug] > Exec(sbtStashOnFailure, None, None)
[debug] > Exec(onFailure loadFailed, None, None)
[debug] > Exec(loadp, None, None)
[info] welcome to sbt 1.10.4 (Eclipse Adoptium Java 17)
[debug] Load.defaultLoad until apply took 1794.99274ms
[debug]                 Load.loadUnit: plugins took 430.757705ms
[debug]                 Load.loadUnit: defsScala took 0.378776ms
[debug] [Loading] Scanning directory /home/syedowais/ChipSimX/project/project
[debug]                   Load.loadUnit: mkEval took 52.668589ms
[debug] [Loading] Found non-root projects 
[debug] [Loading] Done in /home/syedowais/ChipSimX/project/project, returning: ()
[debug] deducing auto plugins based on known facts Set(Atom(sbt.plugins.CorePlugin)) and clauses Clauses(Clause(Atom(sbt.plugins.JvmPlugin),Set(Atom(sbt.plugins.IvyPlugin)))
[debug] Clause(Atom(sbt.ScriptedPlugin),Set(Atom(sbt.plugins.JvmPlugin)))
[debug] Clause(Atom(sbt.plugins.SbtPlugin),Set(Atom(sbt.ScriptedPlugin)))
[debug] Clause(Atom(sbt.plugins.SemanticdbPlugin),Set(Atom(sbt.plugins.JvmPlugin)))
[debug] Clause(Atom(sbt.plugins.JUnitXmlReportPlugin),Set(Atom(sbt.plugins.JvmPlugin)))
[debug] Clause(Atom(sbt.plugins.MiniDependencyTreePlugin),Set(Atom(sbt.plugins.JvmPlugin)))
[debug] Clause(Atom(sbt.plugins.CorePlugin),Set(Atom(sbt.plugins.IvyPlugin)))
[debug] Clause(Atom(sbt.plugins.IvyPlugin),Set(Atom(sbt.plugins.JvmPlugin)))
[debug] Clause(Atom(sbt.plugins.JvmPlugin),Set(Atom(sbt.plugins.SemanticdbPlugin)))
[debug] Clause(Atom(sbt.plugins.JvmPlugin),Set(Atom(sbt.plugins.JUnitXmlReportPlugin)))
[debug] Clause(Atom(sbt.plugins.CorePlugin),Set(Atom(sbt.plugins.Giter8TemplatePlugin)))
[debug] Clause(Atom(sbt.plugins.JvmPlugin),Set(Atom(sbt.plugins.MiniDependencyTreePlugin))))
[debug]   :: deduced result: Matched(sbt.plugins.CorePlugin,sbt.plugins.Giter8TemplatePlugin,sbt.plugins.IvyPlugin,sbt.plugins.JvmPlugin,sbt.plugins.MiniDependencyTreePlugin,sbt.plugins.JUnitXmlReportPlugin,sbt.plugins.SemanticdbPlugin)
[debug] Plugins.deducer#function took 16.631113 ms
[info] loading settings for project chipsimx-build-build from metals.sbt ...
[debug]                     Load.resolveProject(chipsimx-build-build) took 266.363338ms
[debug]                   Load.loadTransitive: finalizeProject(Project(id chipsimx-build-build, base: /home/syedowais/ChipSimX/project/project, plugins: List(<none>))) took 400.696994ms
[debug] [Loading] Done in /home/syedowais/ChipSimX/project/project, returning: (chipsimx-build-build)
[debug]                 Load.loadUnit: loadedProjectsRaw took 2073.107764ms
[debug]                 Load.loadUnit: cleanEvalClasses took 7.664405ms
[debug]               Load.loadUnit(file:/home/syedowais/ChipSimX/project/project/, ...) took 2517.422716ms
[debug]             Load.apply: load took 4436.310075ms
[debug]             Load.apply: resolveProjects took 4.772358ms
[debug]             Load.apply: finalTransforms took 133.977843ms
[debug]             Load.apply: config.delegates took 9.313498ms
